<?xml version="1.0" encoding="UTF-8"?>
<!-- Generated by org.testng.reporters.JUnitXMLReporter -->
<testsuite ignored="50" hostname="DESKTOP-6IVHGF6" failures="1" tests="2" name="Default test" time="2.294" errors="0" timestamp="2024-11-29T17:01:32 IST">
  <testcase classname="com.api_automationTesting.Spotify_API_Automation" name="GetCurrentUserProfile" time="2.222">
    <failure type="java.lang.AssertionError" message="1 expectation failed.
Expected status code &amp;lt;200&amp;gt; but was &amp;lt;401&amp;gt;.
">
      <![CDATA[java.lang.AssertionError: 1 expectation failed.
Expected status code <200> but was <401>.

at java.base/jdk.internal.reflect.NativeConstructorAccessorImpl.newInstance0(Native Method)
at java.base/jdk.internal.reflect.NativeConstructorAccessorImpl.newInstance(NativeConstructorAccessorImpl.java:77)
at java.base/jdk.internal.reflect.DelegatingConstructorAccessorImpl.newInstance(DelegatingConstructorAccessorImpl.java:45)
at java.base/java.lang.reflect.Constructor.newInstanceWithCaller(Constructor.java:499)
at java.base/java.lang.reflect.Constructor.newInstance(Constructor.java:480)
at org.codehaus.groovy.reflection.CachedConstructor.invoke(CachedConstructor.java:72)
at org.codehaus.groovy.runtime.callsite.ConstructorSite$ConstructorSiteNoUnwrapNoCoerce.callConstructor(ConstructorSite.java:105)
at org.codehaus.groovy.runtime.callsite.CallSiteArray.defaultCallConstructor(CallSiteArray.java:59)
at org.codehaus.groovy.runtime.callsite.AbstractCallSite.callConstructor(AbstractCallSite.java:263)
at org.codehaus.groovy.runtime.callsite.AbstractCallSite.callConstructor(AbstractCallSite.java:277)
at io.restassured.internal.ResponseSpecificationImpl$HamcrestAssertionClosure.validate(ResponseSpecificationImpl.groovy:499)
at io.restassured.internal.ResponseSpecificationImpl$HamcrestAssertionClosure$validate$1.call(Unknown Source)
at org.codehaus.groovy.runtime.callsite.CallSiteArray.defaultCall(CallSiteArray.java:47)
at org.codehaus.groovy.runtime.callsite.AbstractCallSite.call(AbstractCallSite.java:125)
at org.codehaus.groovy.runtime.callsite.AbstractCallSite.call(AbstractCallSite.java:139)
at io.restassured.internal.ResponseSpecificationImpl.validateResponseIfRequired(ResponseSpecificationImpl.groovy:684)
at java.base/jdk.internal.reflect.NativeMethodAccessorImpl.invoke0(Native Method)
at java.base/jdk.internal.reflect.NativeMethodAccessorImpl.invoke(NativeMethodAccessorImpl.java:77)
at java.base/jdk.internal.reflect.DelegatingMethodAccessorImpl.invoke(DelegatingMethodAccessorImpl.java:43)
at java.base/java.lang.reflect.Method.invoke(Method.java:568)
at org.codehaus.groovy.runtime.callsite.PlainObjectMetaMethodSite.doInvoke(PlainObjectMetaMethodSite.java:43)
at org.codehaus.groovy.runtime.callsite.PogoMetaMethodSite$PogoCachedMethodSiteNoUnwrapNoCoerce.invoke(PogoMetaMethodSite.java:193)
at org.codehaus.groovy.runtime.callsite.PogoMetaMethodSite.callCurrent(PogoMetaMethodSite.java:61)
at org.codehaus.groovy.runtime.callsite.CallSiteArray.defaultCallCurrent(CallSiteArray.java:51)
at org.codehaus.groovy.runtime.callsite.AbstractCallSite.callCurrent(AbstractCallSite.java:171)
at org.codehaus.groovy.runtime.callsite.AbstractCallSite.callCurrent(AbstractCallSite.java:185)
at io.restassured.internal.ResponseSpecificationImpl.statusCode(ResponseSpecificationImpl.groovy:127)
at io.restassured.specification.ResponseSpecification$statusCode$0.callCurrent(Unknown Source)
at org.codehaus.groovy.runtime.callsite.CallSiteArray.defaultCallCurrent(CallSiteArray.java:51)
at org.codehaus.groovy.runtime.callsite.AbstractCallSite.callCurrent(AbstractCallSite.java:171)
at org.codehaus.groovy.runtime.callsite.AbstractCallSite.callCurrent(AbstractCallSite.java:185)
at io.restassured.internal.ResponseSpecificationImpl.statusCode(ResponseSpecificationImpl.groovy:135)
at io.restassured.internal.ValidatableResponseOptionsImpl.statusCode(ValidatableResponseOptionsImpl.java:89)
at io.restassured.internal.ValidatableResponseImpl.super$2$statusCode(ValidatableResponseImpl.groovy)
at java.base/jdk.internal.reflect.NativeMethodAccessorImpl.invoke0(Native Method)
at java.base/jdk.internal.reflect.NativeMethodAccessorImpl.invoke(NativeMethodAccessorImpl.java:77)
at java.base/jdk.internal.reflect.DelegatingMethodAccessorImpl.invoke(DelegatingMethodAccessorImpl.java:43)
at java.base/java.lang.reflect.Method.invoke(Method.java:568)
at org.codehaus.groovy.reflection.CachedMethod.invoke(CachedMethod.java:107)
at groovy.lang.MetaMethod.doMethodInvoke(MetaMethod.java:323)
at groovy.lang.MetaClassImpl.invokeMethod(MetaClassImpl.java:1268)
at org.codehaus.groovy.runtime.ScriptBytecodeAdapter.invokeMethodOnSuperN(ScriptBytecodeAdapter.java:144)
at io.restassured.internal.ValidatableResponseImpl.statusCode(ValidatableResponseImpl.groovy:142)
at io.restassured.internal.ValidatableResponseImpl.statusCode(ValidatableResponseImpl.groovy)
at com.api_automationTesting.Spotify_API_Automation.GetCurrentUserProfile(Spotify_API_Automation.java:19)
at java.base/jdk.internal.reflect.NativeMethodAccessorImpl.invoke0(Native Method)
at java.base/jdk.internal.reflect.NativeMethodAccessorImpl.invoke(NativeMethodAccessorImpl.java:77)
at java.base/jdk.internal.reflect.DelegatingMethodAccessorImpl.invoke(DelegatingMethodAccessorImpl.java:43)
at java.base/java.lang.reflect.Method.invoke(Method.java:568)
at org.testng.internal.invokers.MethodInvocationHelper.invokeMethod(MethodInvocationHelper.java:139)
at org.testng.internal.invokers.TestInvoker.invokeMethod(TestInvoker.java:677)
at org.testng.internal.invokers.TestInvoker.invokeTestMethod(TestInvoker.java:221)
at org.testng.internal.invokers.MethodRunner.runInSequence(MethodRunner.java:50)
at org.testng.internal.invokers.TestInvoker$MethodInvocationAgent.invoke(TestInvoker.java:969)
at org.testng.internal.invokers.TestInvoker.invokeTestMethods(TestInvoker.java:194)
at org.testng.internal.invokers.TestMethodWorker.invokeTestMethods(TestMethodWorker.java:148)
at org.testng.internal.invokers.TestMethodWorker.run(TestMethodWorker.java:128)
at java.base/java.util.ArrayList.forEach(ArrayList.java:1511)
at org.testng.TestRunner.privateRun(TestRunner.java:829)
at org.testng.TestRunner.run(TestRunner.java:602)
at org.testng.SuiteRunner.runTest(SuiteRunner.java:437)
at org.testng.SuiteRunner.runSequentially(SuiteRunner.java:431)
at org.testng.SuiteRunner.privateRun(SuiteRunner.java:391)
at org.testng.SuiteRunner.run(SuiteRunner.java:330)
at org.testng.SuiteRunnerWorker.runSuite(SuiteRunnerWorker.java:52)
at org.testng.SuiteRunnerWorker.run(SuiteRunnerWorker.java:95)
at org.testng.TestNG.runSuitesSequentially(TestNG.java:1256)
at org.testng.TestNG.runSuitesLocally(TestNG.java:1176)
at org.testng.TestNG.runSuites(TestNG.java:1099)
at org.testng.TestNG.run(TestNG.java:1067)
at org.testng.remote.AbstractRemoteTestNG.run(AbstractRemoteTestNG.java:115)
at org.testng.remote.RemoteTestNG.initAndRun(RemoteTestNG.java:293)
at org.testng.remote.RemoteTestNG.main(RemoteTestNG.java:91)
]]>
    </failure>
  </testcase> <!-- GetCurrentUserProfile -->
  <testcase classname="com.api_automationTesting.Spotify_API_Automation" name="GetUsersTopItems" time="0.0">
    <skipped/>
  </testcase> <!-- GetUsersTopItems -->
  <testcase classname="com.api_automationTesting.Spotify_API_Automation" name="getNewReleases" time="0.0">
    <ignored/>
  </testcase> <!-- getNewReleases -->
  <testcase classname="com.api_automationTesting.Spotify_API_Automation" name="ChangePlaylistDetail" time="0.0">
    <ignored/>
  </testcase> <!-- ChangePlaylistDetail -->
  <testcase classname="com.api_automationTesting.Spotify_API_Automation" name="GetAvailableMarkets" time="0.0">
    <ignored/>
  </testcase> <!-- GetAvailableMarkets -->
  <testcase classname="com.api_automationTesting.Spotify_API_Automation" name="CheckIfUserFollowsArtistsOrUsers" time="0.0">
    <ignored/>
  </testcase> <!-- CheckIfUserFollowsArtistsOrUsers -->
  <testcase classname="com.api_automationTesting.Spotify_API_Automation" name="AddItemsToPlaylist" time="0.0">
    <ignored/>
  </testcase> <!-- AddItemsToPlaylist -->
  <testcase classname="com.api_automationTesting.Spotify_API_Automation" name="GetArtist" time="0.0">
    <ignored/>
  </testcase> <!-- GetArtist -->
  <testcase classname="com.api_automationTesting.Spotify_API_Automation" name="UnfollowPlaylist" time="0.0">
    <ignored/>
  </testcase> <!-- UnfollowPlaylist -->
  <testcase classname="com.api_automationTesting.Spotify_API_Automation" name="GetSeveralBrowseCategories" time="0.0">
    <ignored/>
  </testcase> <!-- GetSeveralBrowseCategories -->
  <testcase classname="com.api_automationTesting.Spotify_API_Automation" name="GetAvailableGenreSeeds" time="0.0">
    <ignored/>
  </testcase> <!-- GetAvailableGenreSeeds -->
  <testcase classname="com.api_automationTesting.Spotify_API_Automation" name="GetAlbum" time="0.0">
    <ignored/>
  </testcase> <!-- GetAlbum -->
  <testcase classname="com.api_automationTesting.Spotify_API_Automation" name="GetTracksAudioAnalysis" time="0.0">
    <ignored/>
  </testcase> <!-- GetTracksAudioAnalysis -->
  <testcase classname="com.api_automationTesting.Spotify_API_Automation" name="GetCurrentUserPlaylists" time="0.0">
    <ignored/>
  </testcase> <!-- GetCurrentUserPlaylists -->
  <testcase classname="com.api_automationTesting.Spotify_API_Automation" name="GetSingleBrowseCategory" time="0.0">
    <ignored/>
  </testcase> <!-- GetSingleBrowseCategory -->
  <testcase classname="com.api_automationTesting.Spotify_API_Automation" name="getUsersSavedAlbums" time="0.0">
    <ignored/>
  </testcase> <!-- getUsersSavedAlbums -->
  <testcase classname="com.api_automationTesting.Spotify_API_Automation" name="SearchForItem" time="0.0">
    <ignored/>
  </testcase> <!-- SearchForItem -->
  <testcase classname="com.api_automationTesting.Spotify_API_Automation" name="GetTracksAudioFeatures" time="0.0">
    <ignored/>
  </testcase> <!-- GetTracksAudioFeatures -->
  <testcase classname="com.api_automationTesting.Spotify_API_Automation" name="saveAlbumsforCurrentUser" time="0.0">
    <ignored/>
  </testcase> <!-- saveAlbumsforCurrentUser -->
  <testcase classname="com.api_automationTesting.Spotify_API_Automation" name="getFollowedArtists" time="0.0">
    <ignored/>
  </testcase> <!-- getFollowedArtists -->
  <testcase classname="com.api_automationTesting.Spotify_API_Automation" name="RemoveUsersSavedAlbums" time="0.0">
    <ignored/>
  </testcase> <!-- RemoveUsersSavedAlbums -->
  <testcase classname="com.api_automationTesting.Spotify_API_Automation" name="GetArtistsAlbums" time="0.0">
    <ignored/>
  </testcase> <!-- GetArtistsAlbums -->
  <testcase classname="com.api_automationTesting.Spotify_API_Automation" name="FollowArtistOrUsers" time="0.0">
    <ignored/>
  </testcase> <!-- FollowArtistOrUsers -->
  <testcase classname="com.api_automationTesting.Spotify_API_Automation" name="SaveEpisodesforCurrentUser" time="0.0">
    <ignored/>
  </testcase> <!-- SaveEpisodesforCurrentUser -->
  <testcase classname="com.api_automationTesting.Spotify_API_Automation" name="GetSeveralEpisodes" time="0.0">
    <ignored/>
  </testcase> <!-- GetSeveralEpisodes -->
  <testcase classname="com.api_automationTesting.Spotify_API_Automation" name="CreatePlaylist" time="0.0">
    <ignored/>
  </testcase> <!-- CreatePlaylist -->
  <testcase classname="com.api_automationTesting.Spotify_API_Automation" name="UnfollowArtistOrUsers" time="0.0">
    <ignored/>
  </testcase> <!-- UnfollowArtistOrUsers -->
  <testcase classname="com.api_automationTesting.Spotify_API_Automation" name="GetAlbumTracks" time="0.0">
    <ignored/>
  </testcase> <!-- GetAlbumTracks -->
  <testcase classname="com.api_automationTesting.Spotify_API_Automation" name="GetFeaturedPlaylists" time="0.0">
    <ignored/>
  </testcase> <!-- GetFeaturedPlaylists -->
  <testcase classname="com.api_automationTesting.Spotify_API_Automation" name="CheckUsersSavedEpisodes" time="0.0">
    <ignored/>
  </testcase> <!-- CheckUsersSavedEpisodes -->
  <testcase classname="com.api_automationTesting.Spotify_API_Automation" name="GetRecommendations" time="0.0">
    <ignored/>
  </testcase> <!-- GetRecommendations -->
  <testcase classname="com.api_automationTesting.Spotify_API_Automation" name="GetTrack" time="0.0">
    <ignored/>
  </testcase> <!-- GetTrack -->
  <testcase classname="com.api_automationTesting.Spotify_API_Automation" name="GetEpisode" time="0.0">
    <ignored/>
  </testcase> <!-- GetEpisode -->
  <testcase classname="com.api_automationTesting.Spotify_API_Automation" name="GetPlaylistItem" time="0.0">
    <ignored/>
  </testcase> <!-- GetPlaylistItem -->
  <testcase classname="com.api_automationTesting.Spotify_API_Automation" name="getArtistsRelatedArtists" time="0.0">
    <ignored/>
  </testcase> <!-- getArtistsRelatedArtists -->
  <testcase classname="com.api_automationTesting.Spotify_API_Automation" name="getArtistsTopTracks" time="0.0">
    <ignored/>
  </testcase> <!-- getArtistsTopTracks -->
  <testcase classname="com.api_automationTesting.Spotify_API_Automation" name="GetUsersSavedEpisodes" time="0.0">
    <ignored/>
  </testcase> <!-- GetUsersSavedEpisodes -->
  <testcase classname="com.api_automationTesting.Spotify_API_Automation" name="CheckUsersSavedAlbums" time="0.0">
    <ignored/>
  </testcase> <!-- CheckUsersSavedAlbums -->
  <testcase classname="com.api_automationTesting.Spotify_API_Automation" name="SaveTracksForCurrentUser" time="0.0">
    <ignored/>
  </testcase> <!-- SaveTracksForCurrentUser -->
  <testcase classname="com.api_automationTesting.Spotify_API_Automation" name="getSeveralTracks" time="0.0">
    <ignored/>
  </testcase> <!-- getSeveralTracks -->
  <testcase classname="com.api_automationTesting.Spotify_API_Automation" name="followPlaylist" time="0.0">
    <ignored/>
  </testcase> <!-- followPlaylist -->
  <testcase classname="com.api_automationTesting.Spotify_API_Automation" name="getUsersSavedTracks" time="0.0">
    <ignored/>
  </testcase> <!-- getUsersSavedTracks -->
  <testcase classname="com.api_automationTesting.Spotify_API_Automation" name="GetPlaylistCoverImage" time="0.0">
    <ignored/>
  </testcase> <!-- GetPlaylistCoverImage -->
  <testcase classname="com.api_automationTesting.Spotify_API_Automation" name="GetSeveralTracksAudioFeatures" time="0.0">
    <ignored/>
  </testcase> <!-- GetSeveralTracksAudioFeatures -->
  <testcase classname="com.api_automationTesting.Spotify_API_Automation" name="CheckUsersSavedTracks" time="0.0">
    <ignored/>
  </testcase> <!-- CheckUsersSavedTracks -->
  <testcase classname="com.api_automationTesting.Spotify_API_Automation" name="GetSeveralArtists" time="0.0">
    <ignored/>
  </testcase> <!-- GetSeveralArtists -->
  <testcase classname="com.api_automationTesting.Spotify_API_Automation" name="RemoveUsersSavedEpisodes" time="0.0">
    <ignored/>
  </testcase> <!-- RemoveUsersSavedEpisodes -->
  <testcase classname="com.api_automationTesting.Spotify_API_Automation" name="GetPlaylist" time="0.0">
    <ignored/>
  </testcase> <!-- GetPlaylist -->
  <testcase classname="com.api_automationTesting.Spotify_API_Automation" name="GetUsersProfile" time="0.0">
    <ignored/>
  </testcase> <!-- GetUsersProfile -->
  <testcase classname="com.api_automationTesting.Spotify_API_Automation" name="GetSeveralAlbums" time="0.0">
    <ignored/>
  </testcase> <!-- GetSeveralAlbums -->
  <testcase classname="com.api_automationTesting.Spotify_API_Automation" name="RemoveUsersSavedTracks" time="0.0">
    <ignored/>
  </testcase> <!-- RemoveUsersSavedTracks -->
  <testcase classname="com.api_automationTesting.Spotify_API_Automation" name="CheckIfCurrentUserFollowsPlaylist" time="0.0">
    <ignored/>
  </testcase> <!-- CheckIfCurrentUserFollowsPlaylist -->
</testsuite> <!-- Default test -->
